0 info it worked if it ends with ok
1 verbose cli [ 'node', '/usr/local/bin/npm', 'publish' ]
2 info using npm@1.4.3
3 info using node@v0.10.26
4 verbose publish [ '.' ]
5 verbose cache add [ '.', null ]
6 verbose cache add name=undefined spec="." args=[".",null]
7 verbose parsed url { protocol: null,
7 verbose parsed url   slashes: null,
7 verbose parsed url   auth: null,
7 verbose parsed url   host: null,
7 verbose parsed url   port: null,
7 verbose parsed url   hostname: null,
7 verbose parsed url   hash: null,
7 verbose parsed url   search: null,
7 verbose parsed url   query: null,
7 verbose parsed url   pathname: '.',
7 verbose parsed url   path: '.',
7 verbose parsed url   href: '.' }
8 silly lockFile 3a52ce78- .
9 verbose lock . /Users/mattharzewski/.npm/3a52ce78-.lock
10 verbose tar pack [ '/var/folders/5n/8l_qvg0x6s53jcm3n8gqk58c0000gn/T/npm-98598-mw6a2FvU/1398574641326-0.900348114548251/tmp.tgz',
10 verbose tar pack   '.' ]
11 verbose tarball /var/folders/5n/8l_qvg0x6s53jcm3n8gqk58c0000gn/T/npm-98598-mw6a2FvU/1398574641326-0.900348114548251/tmp.tgz
12 verbose folder .
13 info prepublish GIFnuke@1.0.0
14 silly lockFile 1f1177db-tar tar://.
15 verbose lock tar://. /Users/mattharzewski/.npm/1f1177db-tar.lock
16 silly lockFile 32054aef-641326-0-900348114548251-tmp-tgz tar:///var/folders/5n/8l_qvg0x6s53jcm3n8gqk58c0000gn/T/npm-98598-mw6a2FvU/1398574641326-0.900348114548251/tmp.tgz
17 verbose lock tar:///var/folders/5n/8l_qvg0x6s53jcm3n8gqk58c0000gn/T/npm-98598-mw6a2FvU/1398574641326-0.900348114548251/tmp.tgz /Users/mattharzewski/.npm/32054aef-641326-0-900348114548251-tmp-tgz.lock
18 silly lockFile 1f1177db-tar tar://.
19 silly lockFile 1f1177db-tar tar://.
20 silly lockFile 32054aef-641326-0-900348114548251-tmp-tgz tar:///var/folders/5n/8l_qvg0x6s53jcm3n8gqk58c0000gn/T/npm-98598-mw6a2FvU/1398574641326-0.900348114548251/tmp.tgz
21 silly lockFile 32054aef-641326-0-900348114548251-tmp-tgz tar:///var/folders/5n/8l_qvg0x6s53jcm3n8gqk58c0000gn/T/npm-98598-mw6a2FvU/1398574641326-0.900348114548251/tmp.tgz
22 verbose tar unpack /var/folders/5n/8l_qvg0x6s53jcm3n8gqk58c0000gn/T/npm-98598-mw6a2FvU/1398574641326-0.900348114548251/tmp.tgz
23 silly lockFile 1c289786-641326-0-900348114548251-package tar:///var/folders/5n/8l_qvg0x6s53jcm3n8gqk58c0000gn/T/npm-98598-mw6a2FvU/1398574641326-0.900348114548251/package
24 verbose lock tar:///var/folders/5n/8l_qvg0x6s53jcm3n8gqk58c0000gn/T/npm-98598-mw6a2FvU/1398574641326-0.900348114548251/package /Users/mattharzewski/.npm/1c289786-641326-0-900348114548251-package.lock
25 silly lockFile 32054aef-641326-0-900348114548251-tmp-tgz tar:///var/folders/5n/8l_qvg0x6s53jcm3n8gqk58c0000gn/T/npm-98598-mw6a2FvU/1398574641326-0.900348114548251/tmp.tgz
26 verbose lock tar:///var/folders/5n/8l_qvg0x6s53jcm3n8gqk58c0000gn/T/npm-98598-mw6a2FvU/1398574641326-0.900348114548251/tmp.tgz /Users/mattharzewski/.npm/32054aef-641326-0-900348114548251-tmp-tgz.lock
27 silly gunzTarPerm modes [ '755', '644' ]
28 silly gunzTarPerm extractEntry package.json
29 silly gunzTarPerm extractEntry .npmignore
30 silly gunzTarPerm extractEntry gifnuke.js
31 silly gunzTarPerm extractEntry readme.md
32 silly lockFile 1c289786-641326-0-900348114548251-package tar:///var/folders/5n/8l_qvg0x6s53jcm3n8gqk58c0000gn/T/npm-98598-mw6a2FvU/1398574641326-0.900348114548251/package
33 silly lockFile 1c289786-641326-0-900348114548251-package tar:///var/folders/5n/8l_qvg0x6s53jcm3n8gqk58c0000gn/T/npm-98598-mw6a2FvU/1398574641326-0.900348114548251/package
34 silly lockFile 32054aef-641326-0-900348114548251-tmp-tgz tar:///var/folders/5n/8l_qvg0x6s53jcm3n8gqk58c0000gn/T/npm-98598-mw6a2FvU/1398574641326-0.900348114548251/tmp.tgz
35 silly lockFile 32054aef-641326-0-900348114548251-tmp-tgz tar:///var/folders/5n/8l_qvg0x6s53jcm3n8gqk58c0000gn/T/npm-98598-mw6a2FvU/1398574641326-0.900348114548251/tmp.tgz
36 verbose tar pack [ '/Users/mattharzewski/.npm/GIFnuke/1.0.0/package.tgz',
36 verbose tar pack   '/var/folders/5n/8l_qvg0x6s53jcm3n8gqk58c0000gn/T/npm-98598-mw6a2FvU/1398574641326-0.900348114548251/package' ]
37 verbose tarball /Users/mattharzewski/.npm/GIFnuke/1.0.0/package.tgz
38 verbose folder /var/folders/5n/8l_qvg0x6s53jcm3n8gqk58c0000gn/T/npm-98598-mw6a2FvU/1398574641326-0.900348114548251/package
39 silly lockFile 1c289786-641326-0-900348114548251-package tar:///var/folders/5n/8l_qvg0x6s53jcm3n8gqk58c0000gn/T/npm-98598-mw6a2FvU/1398574641326-0.900348114548251/package
40 verbose lock tar:///var/folders/5n/8l_qvg0x6s53jcm3n8gqk58c0000gn/T/npm-98598-mw6a2FvU/1398574641326-0.900348114548251/package /Users/mattharzewski/.npm/1c289786-641326-0-900348114548251-package.lock
41 silly lockFile a5093a34-ki-npm-GIFnuke-1-0-0-package-tgz tar:///Users/mattharzewski/.npm/GIFnuke/1.0.0/package.tgz
42 verbose lock tar:///Users/mattharzewski/.npm/GIFnuke/1.0.0/package.tgz /Users/mattharzewski/.npm/a5093a34-ki-npm-GIFnuke-1-0-0-package-tgz.lock
43 silly lockFile 1c289786-641326-0-900348114548251-package tar:///var/folders/5n/8l_qvg0x6s53jcm3n8gqk58c0000gn/T/npm-98598-mw6a2FvU/1398574641326-0.900348114548251/package
44 silly lockFile 1c289786-641326-0-900348114548251-package tar:///var/folders/5n/8l_qvg0x6s53jcm3n8gqk58c0000gn/T/npm-98598-mw6a2FvU/1398574641326-0.900348114548251/package
45 silly lockFile a5093a34-ki-npm-GIFnuke-1-0-0-package-tgz tar:///Users/mattharzewski/.npm/GIFnuke/1.0.0/package.tgz
46 silly lockFile a5093a34-ki-npm-GIFnuke-1-0-0-package-tgz tar:///Users/mattharzewski/.npm/GIFnuke/1.0.0/package.tgz
47 silly lockFile 2f6faebb-zewski-npm-GIFnuke-1-0-0-package /Users/mattharzewski/.npm/GIFnuke/1.0.0/package
48 verbose lock /Users/mattharzewski/.npm/GIFnuke/1.0.0/package /Users/mattharzewski/.npm/2f6faebb-zewski-npm-GIFnuke-1-0-0-package.lock
49 silly lockFile 2f6faebb-zewski-npm-GIFnuke-1-0-0-package /Users/mattharzewski/.npm/GIFnuke/1.0.0/package
50 silly lockFile 2f6faebb-zewski-npm-GIFnuke-1-0-0-package /Users/mattharzewski/.npm/GIFnuke/1.0.0/package
51 verbose tar unpack /Users/mattharzewski/.npm/GIFnuke/1.0.0/package.tgz
52 silly lockFile 7fcf3bad-zewski-npm-GIFnuke-1-0-0-package tar:///Users/mattharzewski/.npm/GIFnuke/1.0.0/package
53 verbose lock tar:///Users/mattharzewski/.npm/GIFnuke/1.0.0/package /Users/mattharzewski/.npm/7fcf3bad-zewski-npm-GIFnuke-1-0-0-package.lock
54 silly lockFile a5093a34-ki-npm-GIFnuke-1-0-0-package-tgz tar:///Users/mattharzewski/.npm/GIFnuke/1.0.0/package.tgz
55 verbose lock tar:///Users/mattharzewski/.npm/GIFnuke/1.0.0/package.tgz /Users/mattharzewski/.npm/a5093a34-ki-npm-GIFnuke-1-0-0-package-tgz.lock
56 silly gunzTarPerm modes [ '755', '644' ]
57 silly gunzTarPerm extractEntry package.json
58 silly gunzTarPerm extractEntry .npmignore
59 silly gunzTarPerm extractEntry gifnuke.js
60 silly gunzTarPerm extractEntry readme.md
61 silly lockFile 7fcf3bad-zewski-npm-GIFnuke-1-0-0-package tar:///Users/mattharzewski/.npm/GIFnuke/1.0.0/package
62 silly lockFile 7fcf3bad-zewski-npm-GIFnuke-1-0-0-package tar:///Users/mattharzewski/.npm/GIFnuke/1.0.0/package
63 silly lockFile a5093a34-ki-npm-GIFnuke-1-0-0-package-tgz tar:///Users/mattharzewski/.npm/GIFnuke/1.0.0/package.tgz
64 silly lockFile a5093a34-ki-npm-GIFnuke-1-0-0-package-tgz tar:///Users/mattharzewski/.npm/GIFnuke/1.0.0/package.tgz
65 verbose chmod /Users/mattharzewski/.npm/GIFnuke/1.0.0/package.tgz 644
66 verbose chown /Users/mattharzewski/.npm/GIFnuke/1.0.0/package.tgz [ 501, 20 ]
67 silly lockFile 3a52ce78- .
68 silly lockFile 3a52ce78- .
69 silly publish { name: 'GIFnuke',
69 silly publish   version: '1.0.0',
69 silly publish   preferGlobal: true,
69 silly publish   bin: { gifnuke: 'gifnuke.js' },
69 silly publish   repository: { type: 'git', url: 'git://github.com/redwallhp/gifnuke' },
69 silly publish   dependencies: { request: '~2.34.0', 'fluent-ffmpeg': '~1.7.1' },
69 silly publish   readme: 'It\'s high time a certain antiquated image format was nuked from orbit. This command helps you convert animations to faster-loading WebM files. Modern video formats not only produce much smaller files, which are easily loopable with an HTML `<video>` element, but they also load progressively without the "slow mo" effect.\n\nWant to see it in action? http://redwallhp.github.io/gifnuke/\n\n    1.7M dealwithit.gif\n    94K  dealwithit.webm\n    141K dealwithit.mp4\n\n\n# Installation\n\nNote: Before installing GIFnuke, you must have ffmpeg installed and compiled with the `--enable-libvpx` option, in order to enable WebM encoding.\n\n    npm install gifnuke -g\n\nOr:\n\n    git clone https://github.com/redwallhp/gifnuke.git\n    cd gifnuke\n    npm install\n    npm link\n\n\n# Converting an image\n\nRun GIFnuke on an input GIF, and specify a name for the converted file. After the gears in your computer whir for awhile, you should get a shiny new .webm file in the directory you ran it in.\n\n    gifnuke badformat/myimage.gif myimage\n\nIf you\'re converting a fancy GIF using that transparent partial-frame voodoo to reduce file size, you may need to run GIFnuke with the `--coalesce` flag. This requires that you have Imagemagick installed, as it takes advantage of the `convert` command to preprocess the GIF.\n \n    # Convert an image with frame coalescing\n    gifnuke badformat/myimage.gif myimage --coalesce\n\n\n# License\n\nThe contents of this repository are licensed under the [GNU Public License.](http://www.gnu.org/licenses/gpl-3.0.html)',
69 silly publish   readmeFilename: 'readme.md',
69 silly publish   description: 'It\'s high time a certain antiquated image format was nuked from orbit. This command helps you convert animations to faster-loading WebM files. Modern video formats not only produce much smaller files, which are easily loopable with an HTML `<video>` element, but they also load progressively without the "slow mo" effect.',
69 silly publish   bugs: { url: 'https://github.com/redwallhp/gifnuke/issues' },
69 silly publish   homepage: 'https://github.com/redwallhp/gifnuke',
69 silly publish   _id: 'GIFnuke@1.0.0',
69 silly publish   dist: { shasum: '96add14484ae0d59edc8836691214d9b0cf628af' },
69 silly publish   _from: '.' }
70 verbose url raw GIFnuke
71 verbose url resolving [ 'https://registry.npmjs.org/', './GIFnuke' ]
72 verbose url resolved https://registry.npmjs.org/GIFnuke
73 info trying registry request attempt 1 at 00:57:21
74 http PUT https://registry.npmjs.org/GIFnuke
75 http 403 https://registry.npmjs.org/GIFnuke
76 error publish Failed PUT 403
77 error Error: forbidden New packages must have all-lowercase names: GIFnuke
77 error     at RegClient.<anonymous> (/usr/local/lib/node_modules/npm/node_modules/npm-registry-client/lib/request.js:237:14)
77 error     at Request.self.callback (/usr/local/lib/node_modules/npm/node_modules/request/request.js:123:22)
77 error     at Request.EventEmitter.emit (events.js:98:17)
77 error     at Request.<anonymous> (/usr/local/lib/node_modules/npm/node_modules/request/request.js:893:14)
77 error     at Request.EventEmitter.emit (events.js:117:20)
77 error     at IncomingMessage.<anonymous> (/usr/local/lib/node_modules/npm/node_modules/request/request.js:844:12)
77 error     at IncomingMessage.EventEmitter.emit (events.js:117:20)
77 error     at _stream_readable.js:920:16
77 error     at process._tickCallback (node.js:415:13)
78 error If you need help, you may report this *entire* log,
78 error including the npm and node versions, at:
78 error     <http://github.com/npm/npm/issues>
79 error System Darwin 13.1.0
80 error command "node" "/usr/local/bin/npm" "publish"
81 error cwd /Volumes/Auxiliary HD/mattharzewski/Documents/NodeJS Projects/GIFnuke
82 error node -v v0.10.26
83 error npm -v 1.4.3
84 verbose exit [ 1, true ]
